<?xml version="1.0" encoding="UTF-8"?>
<!-- Generated by org.testng.reporters.JUnitXMLReporter -->
<testsuite hostname="user-PC" name="Validating Home Page" tests="2" failures="0" timestamp="22 Oct 2019 00:34:32 GMT" time="22.808" errors="0">
  <testcase name="basePageNavigate" time="11.185" classname="IngeniousTechHub.IngeniousTechHubApp.HomePage"/>
  <testcase name="basePageNavigate" time="6.105" classname="IngeniousTechHub.IngeniousTechHubApp.HomePage"/>
</testsuite> <!-- Validating Home Page -->
