<?xml version="1.0" encoding="UTF-8"?>
<!-- Generated by org.testng.reporters.JUnitXMLReporter -->
<testsuite hostname="user-PC" name="Validating Home Page" tests="2" failures="0" timestamp="22 Oct 2019 00:35:43 GMT" time="21.322" errors="0">
  <testcase name="basePageNavigate" time="9.231" classname="IngeniousTechHub.IngeniousTechHubApp.HomePage"/>
  <testcase name="basePageNavigate" time="6.725" classname="IngeniousTechHub.IngeniousTechHubApp.HomePage"/>
</testsuite> <!-- Validating Home Page -->
