<?xml version="1.0" encoding="UTF-8"?>
<!-- Generated by org.testng.reporters.JUnitXMLReporter -->
<testsuite hostname="user-PC" name="Validating title in the page" tests="1" failures="1" timestamp="22 Oct 2019 00:35:56 GMT" time="6.907" errors="0">
  <testcase name="validatetitleTest" time="0.073" classname="IngeniousTechHub.IngeniousTechHubApp.ValidateTitle">
    <failure type="java.lang.AssertionError" message="expected [FEATURED COURSES] but found [FEATURED COURSESss]">
      <![CDATA[java.lang.AssertionError: expected [FEATURED COURSES] but found [FEATURED COURSESss]
	at IngeniousTechHub.IngeniousTechHubApp.ValidateTitle.validatetitleTest(ValidateTitle.java:33)
... Removed 35 stack frames]]>
    </failure>
  </testcase> <!-- validatetitleTest -->
</testsuite> <!-- Validating title in the page -->
