<?xml version="1.0" encoding="UTF-8"?>
<testsuite xmlns:xsi="http://www.w3.org/2001/XMLSchema-instance" xsi:noNamespaceSchemaLocation="https://maven.apache.org/surefire/maven-surefire-plugin/xsd/surefire-test-report-3.0.xsd" version="3.0" name="TestSuite" time="36.09" tests="4" errors="0" skipped="0" failures="1">
  <properties>
[...]
</properties>
  <testcase name="basePageNavigate" classname="IngeniousTechHub.IngeniousTechHubApp.HomePage" time="9.233"/>
  <testcase name="basePageNavigate" classname="IngeniousTechHub.IngeniousTechHubApp.HomePage" time="6.721"/>
  <testcase name="validatetitleTest" classname="IngeniousTechHub.IngeniousTechHubApp.ValidateNavigateBar" time="0.137"/>
  <testcase name="validatetitleTest" classname="IngeniousTechHub.IngeniousTechHubApp.ValidateTitle" time="0.092">
    <failure message="expected [FEATURED COURSES] but found [FEATURED COURSESss]" type="java.lang.AssertionError">java.lang.AssertionError: expected [FEATURED COURSES] but found [FEATURED COURSESss]
	at IngeniousTechHub.IngeniousTechHubApp.ValidateTitle.validatetitleTest(ValidateTitle.java:33)
</failure>
    <system-err><![CDATA[Starting ChromeDriver 76.0.3809.68 (420c9498db8ce8fcd190a954d51297672c1515d5-refs/branch-heads/3809@{#864}) on port 6995
Only local connections are allowed.
Please protect ports used by ChromeDriver and related test frameworks to prevent access by malicious code.
[1571704551.529][WARNING]: This version of ChromeDriver has not been tested with Chrome version 77.
Oct 22, 2019 6:05:52 AM org.openqa.selenium.remote.ProtocolHandshake createSession
INFO: Detected dialect: W3C
]]></system-err>
  </testcase>
</testsuite>