-------------------------------------------------------------------------------
Test set: TestSuite
-------------------------------------------------------------------------------
Tests run: 4, Failures: 1, Errors: 0, Skipped: 0, Time elapsed: 36.09 s <<< FAILURE! - in TestSuite
validatetitleTest(IngeniousTechHub.IngeniousTechHubApp.ValidateTitle)  Time elapsed: 0.092 s  <<< FAILURE!
java.lang.AssertionError: expected [FEATURED COURSES] but found [FEATURED COURSESss]
	at IngeniousTechHub.IngeniousTechHubApp.ValidateTitle.validatetitleTest(ValidateTitle.java:33)

